build/outputs/logs/manifest-merger-der1-release-report.txt
-- Merging decision tree log ---
provider#io.github.pwlin.cordova.plugins.fileopener2.FileProvider
INJECTED from Mobile\Exline3\AndroidManifest.xml:19:9-21:20
	android:grantUriPermissions
		ADDED from Mobile\Exline3\AndroidManifest.xml:19:99-133
	android:authorities
		INJECTED from Mobile\Exline3\AndroidManifest.xml
		ADDED from Mobile\Exline3\AndroidManifest.xml:19:19-73
	android:exported
		ADDED from Mobile\Exline3\AndroidManifest.xml:19:74-98
	android:name
		ADDED from Mobile\Exline3\AndroidManifest.xml:19:134-205
manifest
ADDED from Mobile\Exline3\AndroidManifest.xml:2:1-38:12
INJECTED from Mobile\Exline3\AndroidManifest.xml:2:1-38:12
INJECTED from Mobile\Exline3\AndroidManifest.xml:2:1-38:12
INJECTED from Mobile\Exline3\AndroidManifest.xml:2:1-38:12
MERGED from [:CordovaLib] AndroidManifest.xml:20:1-27:12
MERGED from [com.android.support:support-v4:25.4.0] AndroidManifest.xml:17:1-31:12
MERGED from [com.android.support:support-fragment:25.4.0] AndroidManifest.xml:17:1-31:12
MERGED from [com.android.support:support-media-compat:25.4.0] AndroidManifest.xml:17:1-31:12
MERGED from [com.android.support:support-core-utils:25.4.0] AndroidManifest.xml:17:1-31:12
MERGED from [com.android.support:support-core-ui:25.4.0] AndroidManifest.xml:17:1-31:12
MERGED from [com.android.support:support-compat:25.4.0] AndroidManifest.xml:17:1-31:12
INJECTED from Mobile\Exline3\AndroidManifest.xml:2:1-38:12
INJECTED from Mobile\Exline3\AndroidManifest.xml:2:1-38:12
INJECTED from Mobile\Exline3\AndroidManifest.xml:2:1-38:12
	package
		ADDED from Mobile\Exline3\AndroidManifest.xml:2:103-145
		INJECTED from Mobile\Exline3\AndroidManifest.xml
		INJECTED from Mobile\Exline3\AndroidManifest.xml
	android:versionName
		ADDED from Mobile\Exline3\AndroidManifest.xml:2:75-102
		INJECTED from Mobile\Exline3\AndroidManifest.xml
		INJECTED from Mobile\Exline3\AndroidManifest.xml
	android:hardwareAccelerated
		ADDED from Mobile\Exline3\AndroidManifest.xml:2:11-45
	xmlns:android
		ADDED from Mobile\Exline3\AndroidManifest.xml:2:146-204
	android:versionCode
		ADDED from Mobile\Exline3\AndroidManifest.xml:2:46-74
		INJECTED from Mobile\Exline3\AndroidManifest.xml
		INJECTED from Mobile\Exline3\AndroidManifest.xml
supports-screens
ADDED from Mobile\Exline3\AndroidManifest.xml:3:5-191
	android:largeScreens
		ADDED from Mobile\Exline3\AndroidManifest.xml:3:49-76
	android:smallScreens
		ADDED from Mobile\Exline3\AndroidManifest.xml:3:132-159
	android:normalScreens
		ADDED from Mobile\Exline3\AndroidManifest.xml:3:77-105
	android:xlargeScreens
		ADDED from Mobile\Exline3\AndroidManifest.xml:3:160-188
	android:resizeable
		ADDED from Mobile\Exline3\AndroidManifest.xml:3:106-131
	android:anyDensity
		ADDED from Mobile\Exline3\AndroidManifest.xml:3:23-48
uses-permission#android.permission.INTERNET
ADDED from Mobile\Exline3\AndroidManifest.xml:4:5-67
	android:name
		ADDED from Mobile\Exline3\AndroidManifest.xml:4:22-64
application
ADDED from Mobile\Exline3\AndroidManifest.xml:5:5-25:19
MERGED from [com.android.support:support-v4:25.4.0] AndroidManifest.xml:25:5-29:19
MERGED from [com.android.support:support-v4:25.4.0] AndroidManifest.xml:25:5-29:19
MERGED from [com.android.support:support-fragment:25.4.0] AndroidManifest.xml:25:5-29:19
MERGED from [com.android.support:support-fragment:25.4.0] AndroidManifest.xml:25:5-29:19
MERGED from [com.android.support:support-media-compat:25.4.0] AndroidManifest.xml:25:5-29:19
MERGED from [com.android.support:support-media-compat:25.4.0] AndroidManifest.xml:25:5-29:19
MERGED from [com.android.support:support-core-utils:25.4.0] AndroidManifest.xml:25:5-29:19
MERGED from [com.android.support:support-core-utils:25.4.0] AndroidManifest.xml:25:5-29:19
MERGED from [com.android.support:support-core-ui:25.4.0] AndroidManifest.xml:25:5-29:19
MERGED from [com.android.support:support-core-ui:25.4.0] AndroidManifest.xml:25:5-29:19
MERGED from [com.android.support:support-compat:25.4.0] AndroidManifest.xml:25:5-29:19
MERGED from [com.android.support:support-compat:25.4.0] AndroidManifest.xml:25:5-29:19
	android:supportsRtl
		ADDED from Mobile\Exline3\AndroidManifest.xml:9:9-35
	android:label
		ADDED from Mobile\Exline3\AndroidManifest.xml:8:9-41
	android:hardwareAccelerated
		ADDED from Mobile\Exline3\AndroidManifest.xml:6:9-43
	android:icon
		ADDED from Mobile\Exline3\AndroidManifest.xml:7:9-36
	android:networkSecurityConfig
		ADDED from Mobile\Exline3\AndroidManifest.xml:11:9-69
	android:usesCleartextTraffic
		ADDED from Mobile\Exline3\AndroidManifest.xml:10:9-44
activity#com.smarttouristicsystem.exline3.MainActivity
ADDED from Mobile\Exline3\AndroidManifest.xml:13:9-18:20
	android:label
		ADDED from Mobile\Exline3\AndroidManifest.xml:13:97-134
	android:launchMode
		ADDED from Mobile\Exline3\AndroidManifest.xml:13:135-165
	android:windowSoftInputMode
		ADDED from Mobile\Exline3\AndroidManifest.xml:13:290-332
	android:configChanges
		ADDED from Mobile\Exline3\AndroidManifest.xml:13:19-96
	android:theme
		ADDED from Mobile\Exline3\AndroidManifest.xml:13:227-289
	android:name
		ADDED from Mobile\Exline3\AndroidManifest.xml:13:166-226
intent-filter#action:name:android.intent.action.MAIN+category:name:android.intent.category.LAUNCHER
ADDED from Mobile\Exline3\AndroidManifest.xml:14:13-17:29
	android:label
		ADDED from Mobile\Exline3\AndroidManifest.xml:14:28-65
action#android.intent.action.MAIN
ADDED from Mobile\Exline3\AndroidManifest.xml:15:17-69
	android:name
		ADDED from Mobile\Exline3\AndroidManifest.xml:15:25-66
category#android.intent.category.LAUNCHER
ADDED from Mobile\Exline3\AndroidManifest.xml:16:17-77
	android:name
		ADDED from Mobile\Exline3\AndroidManifest.xml:16:27-74
provider#com.vaenow.appupdate.android.GenericFileProvider
ADDED from Mobile\Exline3\AndroidManifest.xml:22:9-24:20
	android:grantUriPermissions
		ADDED from Mobile\Exline3\AndroidManifest.xml:22:104-138
	android:authorities
		ADDED from Mobile\Exline3\AndroidManifest.xml:22:19-78
	android:exported
		ADDED from Mobile\Exline3\AndroidManifest.xml:22:79-103
	android:name
		ADDED from Mobile\Exline3\AndroidManifest.xml:22:139-202
meta-data#android.support.FILE_PROVIDER_PATHS
ADDED from Mobile\Exline3\AndroidManifest.xml:23:13-117
	android:resource
		ADDED from Mobile\Exline3\AndroidManifest.xml:23:75-114
	android:name
		ADDED from Mobile\Exline3\AndroidManifest.xml:23:24-74
uses-sdk
ADDED from Mobile\Exline3\AndroidManifest.xml:26:5-47
INJECTED from Mobile\Exline3\AndroidManifest.xml:26:5-47
MERGED from [:CordovaLib] AndroidManifest.xml:25:5-44
MERGED from [:CordovaLib] AndroidManifest.xml:25:5-44
MERGED from [com.android.support:support-v4:25.4.0] AndroidManifest.xml:21:5-23:54
MERGED from [com.android.support:support-v4:25.4.0] AndroidManifest.xml:21:5-23:54
MERGED from [com.android.support:support-fragment:25.4.0] AndroidManifest.xml:21:5-23:60
MERGED from [com.android.support:support-fragment:25.4.0] AndroidManifest.xml:21:5-23:60
MERGED from [com.android.support:support-media-compat:25.4.0] AndroidManifest.xml:21:5-23:63
MERGED from [com.android.support:support-media-compat:25.4.0] AndroidManifest.xml:21:5-23:63
MERGED from [com.android.support:support-core-utils:25.4.0] AndroidManifest.xml:21:5-23:61
MERGED from [com.android.support:support-core-utils:25.4.0] AndroidManifest.xml:21:5-23:61
MERGED from [com.android.support:support-core-ui:25.4.0] AndroidManifest.xml:21:5-23:58
MERGED from [com.android.support:support-core-ui:25.4.0] AndroidManifest.xml:21:5-23:58
MERGED from [com.android.support:support-compat:25.4.0] AndroidManifest.xml:21:5-23:58
MERGED from [com.android.support:support-compat:25.4.0] AndroidManifest.xml:21:5-23:58
INJECTED from Mobile\Exline3\AndroidManifest.xml:26:5-47
	tools:overrideLibrary
		ADDED from [com.android.support:support-v4:25.4.0] AndroidManifest.xml:23:9-51
	android:targetSdkVersion
		ADDED from Mobile\Exline3\AndroidManifest.xml:26:15-44
	android:minSdkVersion
		INJECTED from Mobile\Exline3\AndroidManifest.xml
		ADDED from Mobile\Exline3\AndroidManifest.xml:26:5-47
		INJECTED from Mobile\Exline3\AndroidManifest.xml
uses-permission#android.permission.BLUETOOTH
ADDED from Mobile\Exline3\AndroidManifest.xml:27:5-68
	android:name
		ADDED from Mobile\Exline3\AndroidManifest.xml:27:22-65
uses-permission#android.permission.BLUETOOTH_ADMIN
ADDED from Mobile\Exline3\AndroidManifest.xml:28:5-74
	android:name
		ADDED from Mobile\Exline3\AndroidManifest.xml:28:22-71
uses-permission#android.permission.ACCESS_COARSE_LOCATION
ADDED from Mobile\Exline3\AndroidManifest.xml:29:5-81
	android:name
		ADDED from Mobile\Exline3\AndroidManifest.xml:29:22-78
uses-permission#android.permission.WRITE_EXTERNAL_STORAGE
ADDED from Mobile\Exline3\AndroidManifest.xml:30:5-81
	android:name
		ADDED from Mobile\Exline3\AndroidManifest.xml:30:22-78
uses-permission#android.permission.ACCESS_FINE_LOCATION
ADDED from Mobile\Exline3\AndroidManifest.xml:31:5-79
	android:name
		ADDED from Mobile\Exline3\AndroidManifest.xml:31:22-76
uses-feature#android.hardware.location.gps
ADDED from Mobile\Exline3\AndroidManifest.xml:32:5-66
	android:name
		ADDED from Mobile\Exline3\AndroidManifest.xml:32:19-63
uses-permission#android.permission.ACCESS_NETWORK_STATE
ADDED from Mobile\Exline3\AndroidManifest.xml:33:5-79
	android:name
		ADDED from Mobile\Exline3\AndroidManifest.xml:33:22-76
uses-permission#android.permission.VIBRATE
ADDED from Mobile\Exline3\AndroidManifest.xml:34:5-66
	android:name
		ADDED from Mobile\Exline3\AndroidManifest.xml:34:22-63
uses-permission#android.permission.READ_PHONE_STATE
ADDED from Mobile\Exline3\AndroidManifest.xml:35:5-75
	android:name
		ADDED from Mobile\Exline3\AndroidManifest.xml:35:22-72
uses-permission#android.permission.READ_EXTERNAL_STORAGE
ADDED from Mobile\Exline3\AndroidManifest.xml:36:5-80
	android:name
		ADDED from Mobile\Exline3\AndroidManifest.xml:36:22-77
uses-permission#android.permission.MOUNT_UNMOUNT_FILESYSTEMS
ADDED from Mobile\Exline3\AndroidManifest.xml:37:5-84
	android:name
		ADDED from Mobile\Exline3\AndroidManifest.xml:37:22-81
meta-data#android.support.VERSION
ADDED from [com.android.support:support-v4:25.4.0] AndroidManifest.xml:26:9-28:38
MERGED from [com.android.support:support-fragment:25.4.0] AndroidManifest.xml:26:9-28:38
MERGED from [com.android.support:support-fragment:25.4.0] AndroidManifest.xml:26:9-28:38
MERGED from [com.android.support:support-media-compat:25.4.0] AndroidManifest.xml:26:9-28:38
MERGED from [com.android.support:support-media-compat:25.4.0] AndroidManifest.xml:26:9-28:38
MERGED from [com.android.support:support-core-utils:25.4.0] AndroidManifest.xml:26:9-28:38
MERGED from [com.android.support:support-core-utils:25.4.0] AndroidManifest.xml:26:9-28:38
MERGED from [com.android.support:support-core-ui:25.4.0] AndroidManifest.xml:26:9-28:38
MERGED from [com.android.support:support-core-ui:25.4.0] AndroidManifest.xml:26:9-28:38
MERGED from [com.android.support:support-compat:25.4.0] AndroidManifest.xml:26:9-28:38
MERGED from [com.android.support:support-compat:25.4.0] AndroidManifest.xml:26:9-28:38
	android:value
		ADDED from [com.android.support:support-v4:25.4.0] AndroidManifest.xml:28:13-35
	android:name
		ADDED from [com.android.support:support-v4:25.4.0] AndroidManifest.xml:27:13-51